2021-07-22 13:17:31.603 [info] <0.44.0> Application lager started on node nonode@nohost
2021-07-22 13:17:31.605 [info] <0.44.0> Application xmerl started on node nonode@nohost
2021-07-22 13:17:31.608 [info] <0.44.0> Application sasl started on node nonode@nohost
2021-07-22 13:17:31.608 [info] <0.44.0> Application tools started on node nonode@nohost
2021-07-22 13:17:31.608 [info] <0.44.0> Application jsx started on node nonode@nohost
2021-07-22 13:17:31.608 [info] <0.44.0> Application recon started on node nonode@nohost
2021-07-22 13:17:31.616 [info] <0.44.0> Application credentials_obfuscation started on node nonode@nohost
2021-07-22 13:17:31.616 [info] <0.44.0> Application rabbit_common started on node nonode@nohost
2021-07-22 13:17:31.621 [info] <0.44.0> Application amqp_client started on node nonode@nohost
2021-07-22 13:17:31.621 [info] <0.44.0> Application amqp started on node nonode@nohost
2021-07-22 13:17:31.621 [info] <0.44.0> Application chat_example_elixir started on node nonode@nohost
2021-07-22 13:21:41.575 [info] <0.44.0> Application lager started on node nonode@nohost
2021-07-22 13:21:41.577 [info] <0.44.0> Application xmerl started on node nonode@nohost
2021-07-22 13:21:41.579 [info] <0.44.0> Application sasl started on node nonode@nohost
2021-07-22 13:21:41.579 [info] <0.44.0> Application tools started on node nonode@nohost
2021-07-22 13:21:41.579 [info] <0.44.0> Application jsx started on node nonode@nohost
2021-07-22 13:21:41.579 [info] <0.44.0> Application recon started on node nonode@nohost
2021-07-22 13:21:41.587 [info] <0.44.0> Application credentials_obfuscation started on node nonode@nohost
2021-07-22 13:21:41.587 [info] <0.44.0> Application rabbit_common started on node nonode@nohost
2021-07-22 13:21:41.592 [info] <0.44.0> Application amqp_client started on node nonode@nohost
2021-07-22 13:21:41.592 [info] <0.44.0> Application amqp started on node nonode@nohost
2021-07-22 13:21:41.592 [info] <0.44.0> Application chat_example_elixir started on node nonode@nohost
2021-07-22 13:24:55.591 [info] <0.44.0> Application lager started on node nonode@nohost
2021-07-22 13:24:55.593 [info] <0.44.0> Application xmerl started on node nonode@nohost
2021-07-22 13:24:55.596 [info] <0.44.0> Application sasl started on node nonode@nohost
2021-07-22 13:24:55.596 [info] <0.44.0> Application tools started on node nonode@nohost
2021-07-22 13:24:55.596 [info] <0.44.0> Application jsx started on node nonode@nohost
2021-07-22 13:24:55.596 [info] <0.44.0> Application recon started on node nonode@nohost
2021-07-22 13:24:55.604 [info] <0.44.0> Application credentials_obfuscation started on node nonode@nohost
2021-07-22 13:24:55.604 [info] <0.44.0> Application rabbit_common started on node nonode@nohost
2021-07-22 13:24:55.609 [info] <0.44.0> Application amqp_client started on node nonode@nohost
2021-07-22 13:24:55.609 [info] <0.44.0> Application amqp started on node nonode@nohost
2021-07-22 13:24:55.609 [info] <0.44.0> Application chat_example_elixir started on node nonode@nohost
2021-07-22 13:25:15.875 [info] <0.44.0> Application lager started on node nonode@nohost
2021-07-22 13:25:15.877 [info] <0.44.0> Application xmerl started on node nonode@nohost
2021-07-22 13:25:15.879 [info] <0.44.0> Application sasl started on node nonode@nohost
2021-07-22 13:25:15.879 [info] <0.44.0> Application tools started on node nonode@nohost
2021-07-22 13:25:15.879 [info] <0.44.0> Application jsx started on node nonode@nohost
2021-07-22 13:25:15.879 [info] <0.44.0> Application recon started on node nonode@nohost
2021-07-22 13:25:15.887 [info] <0.44.0> Application credentials_obfuscation started on node nonode@nohost
2021-07-22 13:25:15.888 [info] <0.44.0> Application rabbit_common started on node nonode@nohost
2021-07-22 13:25:15.893 [info] <0.44.0> Application amqp_client started on node nonode@nohost
2021-07-22 13:25:15.893 [info] <0.44.0> Application amqp started on node nonode@nohost
2021-07-22 13:25:15.893 [info] <0.44.0> Application chat_example_elixir started on node nonode@nohost
2021-07-22 13:27:43.879 [info] <0.44.0> Application lager started on node nonode@nohost
2021-07-22 13:27:43.881 [info] <0.44.0> Application xmerl started on node nonode@nohost
2021-07-22 13:27:43.885 [info] <0.44.0> Application sasl started on node nonode@nohost
2021-07-22 13:27:43.885 [info] <0.44.0> Application tools started on node nonode@nohost
2021-07-22 13:27:43.885 [info] <0.44.0> Application jsx started on node nonode@nohost
2021-07-22 13:27:43.885 [info] <0.44.0> Application recon started on node nonode@nohost
2021-07-22 13:27:43.893 [info] <0.44.0> Application credentials_obfuscation started on node nonode@nohost
2021-07-22 13:27:43.893 [info] <0.44.0> Application rabbit_common started on node nonode@nohost
2021-07-22 13:27:43.898 [info] <0.44.0> Application amqp_client started on node nonode@nohost
2021-07-22 13:27:43.899 [info] <0.44.0> Application amqp started on node nonode@nohost
2021-07-22 13:27:43.899 [info] <0.44.0> Application chat_example_elixir started on node nonode@nohost
2021-07-22 13:27:58.811 [info] <0.44.0> Application lager started on node nonode@nohost
2021-07-22 13:27:58.813 [info] <0.44.0> Application xmerl started on node nonode@nohost
2021-07-22 13:27:58.816 [info] <0.44.0> Application sasl started on node nonode@nohost
2021-07-22 13:27:58.816 [info] <0.44.0> Application tools started on node nonode@nohost
2021-07-22 13:27:58.816 [info] <0.44.0> Application jsx started on node nonode@nohost
2021-07-22 13:27:58.816 [info] <0.44.0> Application recon started on node nonode@nohost
2021-07-22 13:27:58.824 [info] <0.44.0> Application credentials_obfuscation started on node nonode@nohost
2021-07-22 13:27:58.824 [info] <0.44.0> Application rabbit_common started on node nonode@nohost
2021-07-22 13:27:58.828 [info] <0.44.0> Application amqp_client started on node nonode@nohost
2021-07-22 13:27:58.829 [info] <0.44.0> Application amqp started on node nonode@nohost
2021-07-22 13:27:58.829 [info] <0.44.0> Application chat_example_elixir started on node nonode@nohost
2021-07-22 13:32:43.093 [info] <0.44.0> Application lager started on node nonode@nohost
2021-07-22 13:32:43.095 [info] <0.44.0> Application xmerl started on node nonode@nohost
2021-07-22 13:32:43.097 [info] <0.44.0> Application sasl started on node nonode@nohost
2021-07-22 13:32:43.097 [info] <0.44.0> Application tools started on node nonode@nohost
2021-07-22 13:32:43.097 [info] <0.44.0> Application jsx started on node nonode@nohost
2021-07-22 13:32:43.097 [info] <0.44.0> Application recon started on node nonode@nohost
2021-07-22 13:32:43.105 [info] <0.44.0> Application credentials_obfuscation started on node nonode@nohost
2021-07-22 13:32:43.105 [info] <0.44.0> Application rabbit_common started on node nonode@nohost
2021-07-22 13:32:43.110 [info] <0.44.0> Application amqp_client started on node nonode@nohost
2021-07-22 13:32:43.110 [info] <0.44.0> Application amqp started on node nonode@nohost
2021-07-22 13:32:43.110 [info] <0.44.0> Application chat_example_elixir started on node nonode@nohost
2021-07-22 13:33:36.615 [info] <0.44.0> Application lager started on node nonode@nohost
2021-07-22 13:33:36.617 [info] <0.44.0> Application xmerl started on node nonode@nohost
2021-07-22 13:33:36.619 [info] <0.44.0> Application sasl started on node nonode@nohost
2021-07-22 13:33:36.619 [info] <0.44.0> Application tools started on node nonode@nohost
2021-07-22 13:33:36.619 [info] <0.44.0> Application jsx started on node nonode@nohost
2021-07-22 13:33:36.619 [info] <0.44.0> Application recon started on node nonode@nohost
2021-07-22 13:33:36.627 [info] <0.44.0> Application credentials_obfuscation started on node nonode@nohost
2021-07-22 13:33:36.627 [info] <0.44.0> Application rabbit_common started on node nonode@nohost
2021-07-22 13:33:36.632 [info] <0.44.0> Application amqp_client started on node nonode@nohost
2021-07-22 13:33:36.632 [info] <0.44.0> Application amqp started on node nonode@nohost
2021-07-22 13:33:36.632 [info] <0.44.0> Application chat_example_elixir started on node nonode@nohost
2021-07-22 13:35:13.123 [info] <0.44.0> Application lager started on node nonode@nohost
2021-07-22 13:35:13.124 [info] <0.44.0> Application xmerl started on node nonode@nohost
2021-07-22 13:35:13.127 [info] <0.44.0> Application sasl started on node nonode@nohost
2021-07-22 13:35:13.127 [info] <0.44.0> Application tools started on node nonode@nohost
2021-07-22 13:35:13.127 [info] <0.44.0> Application jsx started on node nonode@nohost
2021-07-22 13:35:13.127 [info] <0.44.0> Application recon started on node nonode@nohost
2021-07-22 13:35:13.135 [info] <0.44.0> Application credentials_obfuscation started on node nonode@nohost
2021-07-22 13:35:13.135 [info] <0.44.0> Application rabbit_common started on node nonode@nohost
2021-07-22 13:35:13.140 [info] <0.44.0> Application amqp_client started on node nonode@nohost
2021-07-22 13:35:13.141 [info] <0.44.0> Application amqp started on node nonode@nohost
2021-07-22 13:35:13.141 [info] <0.44.0> Application chat_example_elixir started on node nonode@nohost
2021-07-22 13:35:42.066 [info] <0.44.0> Application lager started on node nonode@nohost
2021-07-22 13:35:42.068 [info] <0.44.0> Application xmerl started on node nonode@nohost
2021-07-22 13:35:42.070 [info] <0.44.0> Application sasl started on node nonode@nohost
2021-07-22 13:35:42.070 [info] <0.44.0> Application tools started on node nonode@nohost
2021-07-22 13:35:42.070 [info] <0.44.0> Application jsx started on node nonode@nohost
2021-07-22 13:35:42.071 [info] <0.44.0> Application recon started on node nonode@nohost
2021-07-22 13:35:42.078 [info] <0.44.0> Application credentials_obfuscation started on node nonode@nohost
2021-07-22 13:35:42.078 [info] <0.44.0> Application rabbit_common started on node nonode@nohost
2021-07-22 13:35:42.083 [info] <0.44.0> Application amqp_client started on node nonode@nohost
2021-07-22 13:35:42.084 [info] <0.44.0> Application amqp started on node nonode@nohost
2021-07-22 13:35:42.084 [info] <0.44.0> Application chat_example_elixir started on node nonode@nohost
2021-07-22 13:36:43.800 [info] <0.44.0> Application lager started on node nonode@nohost
2021-07-22 13:36:43.802 [info] <0.44.0> Application xmerl started on node nonode@nohost
2021-07-22 13:36:43.805 [info] <0.44.0> Application sasl started on node nonode@nohost
2021-07-22 13:36:43.805 [info] <0.44.0> Application tools started on node nonode@nohost
2021-07-22 13:36:43.805 [info] <0.44.0> Application jsx started on node nonode@nohost
2021-07-22 13:36:43.805 [info] <0.44.0> Application recon started on node nonode@nohost
2021-07-22 13:36:43.814 [info] <0.44.0> Application credentials_obfuscation started on node nonode@nohost
2021-07-22 13:36:43.814 [info] <0.44.0> Application rabbit_common started on node nonode@nohost
2021-07-22 13:36:43.819 [info] <0.44.0> Application amqp_client started on node nonode@nohost
2021-07-22 13:36:43.819 [info] <0.44.0> Application amqp started on node nonode@nohost
2021-07-22 13:36:43.820 [error] <0.302.0>@Elixir.ChatExampleElixir.Sup:start CRASH REPORT Process <0.302.0> with 0 neighbours exited with reason: call to undefined function 'Elixir.ChatExampleElixir.Sup':start(normal, []) in application_master:init/4 line 138
2021-07-22 13:36:49.591 [info] <0.44.0> Application lager started on node nonode@nohost
2021-07-22 13:36:49.592 [info] <0.44.0> Application xmerl started on node nonode@nohost
2021-07-22 13:36:49.596 [info] <0.44.0> Application sasl started on node nonode@nohost
2021-07-22 13:36:49.596 [info] <0.44.0> Application tools started on node nonode@nohost
2021-07-22 13:36:49.596 [info] <0.44.0> Application jsx started on node nonode@nohost
2021-07-22 13:36:49.596 [info] <0.44.0> Application recon started on node nonode@nohost
2021-07-22 13:36:49.603 [info] <0.44.0> Application credentials_obfuscation started on node nonode@nohost
2021-07-22 13:36:49.603 [info] <0.44.0> Application rabbit_common started on node nonode@nohost
2021-07-22 13:36:49.608 [info] <0.44.0> Application amqp_client started on node nonode@nohost
2021-07-22 13:36:49.609 [info] <0.44.0> Application amqp started on node nonode@nohost
2021-07-22 13:36:49.609 [info] <0.44.0> Application chat_example_elixir started on node nonode@nohost
2021-07-22 13:52:55.552 [info] <0.44.0> Application lager started on node nonode@nohost
2021-07-22 13:52:55.554 [info] <0.44.0> Application xmerl started on node nonode@nohost
2021-07-22 13:52:55.556 [info] <0.44.0> Application sasl started on node nonode@nohost
2021-07-22 13:52:55.556 [info] <0.44.0> Application tools started on node nonode@nohost
2021-07-22 13:52:55.556 [info] <0.44.0> Application jsx started on node nonode@nohost
2021-07-22 13:52:55.556 [info] <0.44.0> Application recon started on node nonode@nohost
2021-07-22 13:52:55.564 [info] <0.44.0> Application credentials_obfuscation started on node nonode@nohost
2021-07-22 13:52:55.564 [info] <0.44.0> Application rabbit_common started on node nonode@nohost
2021-07-22 13:52:55.570 [info] <0.44.0> Application amqp_client started on node nonode@nohost
2021-07-22 13:52:55.570 [info] <0.44.0> Application amqp started on node nonode@nohost
2021-07-22 13:52:55.572 [error] <0.288.0>@Elixir.Connect:connect Supervisor 'Elixir.ChatExampleElixir.Sup' had child 'Elixir.ChatExampleElixir.Writer' started with 'Elixir.ChatExampleElixir.Writer':start_link([]) at undefined exit with reason call to undefined function 'Elixir.Connect':connect() in context start_error
2021-07-22 13:53:14.931 [info] <0.44.0> Application lager started on node nonode@nohost
2021-07-22 13:53:14.933 [info] <0.44.0> Application xmerl started on node nonode@nohost
2021-07-22 13:53:14.936 [info] <0.44.0> Application sasl started on node nonode@nohost
2021-07-22 13:53:14.936 [info] <0.44.0> Application tools started on node nonode@nohost
2021-07-22 13:53:14.936 [info] <0.44.0> Application jsx started on node nonode@nohost
2021-07-22 13:53:14.936 [info] <0.44.0> Application recon started on node nonode@nohost
2021-07-22 13:53:14.946 [info] <0.44.0> Application credentials_obfuscation started on node nonode@nohost
2021-07-22 13:53:14.946 [info] <0.44.0> Application rabbit_common started on node nonode@nohost
2021-07-22 13:53:14.953 [info] <0.44.0> Application amqp_client started on node nonode@nohost
2021-07-22 13:53:14.953 [info] <0.44.0> Application amqp started on node nonode@nohost
2021-07-22 13:53:14.957 [error] <0.281.0>@Elixir.Connect:connect Supervisor 'Elixir.ChatExampleElixir.Sup' had child 'Elixir.ChatExampleElixir.Writer' started with 'Elixir.ChatExampleElixir.Writer':start_link([]) at undefined exit with reason call to undefined function 'Elixir.Connect':connect() in context start_error
2021-07-22 13:53:32.896 [info] <0.44.0> Application lager started on node nonode@nohost
2021-07-22 13:53:32.897 [info] <0.44.0> Application xmerl started on node nonode@nohost
2021-07-22 13:53:32.900 [info] <0.44.0> Application sasl started on node nonode@nohost
2021-07-22 13:53:32.900 [info] <0.44.0> Application tools started on node nonode@nohost
2021-07-22 13:53:32.900 [info] <0.44.0> Application jsx started on node nonode@nohost
2021-07-22 13:53:32.900 [info] <0.44.0> Application recon started on node nonode@nohost
2021-07-22 13:53:32.908 [info] <0.44.0> Application credentials_obfuscation started on node nonode@nohost
2021-07-22 13:53:32.908 [info] <0.44.0> Application rabbit_common started on node nonode@nohost
2021-07-22 13:53:32.913 [info] <0.44.0> Application amqp_client started on node nonode@nohost
2021-07-22 13:53:32.914 [info] <0.44.0> Application amqp started on node nonode@nohost
2021-07-22 13:53:32.918 [error] <0.281.0>@Elixir.Connect:connect Supervisor 'Elixir.ChatExampleElixir.Sup' had child 'Elixir.ChatExampleElixir.Writer' started with 'Elixir.ChatExampleElixir.Writer':start_link([]) at undefined exit with reason call to undefined function 'Elixir.Connect':connect() in context start_error
2021-07-22 13:54:41.286 [info] <0.44.0> Application lager started on node nonode@nohost
2021-07-22 13:54:41.288 [info] <0.44.0> Application xmerl started on node nonode@nohost
2021-07-22 13:54:41.291 [info] <0.44.0> Application sasl started on node nonode@nohost
2021-07-22 13:54:41.291 [info] <0.44.0> Application tools started on node nonode@nohost
2021-07-22 13:54:41.291 [info] <0.44.0> Application jsx started on node nonode@nohost
2021-07-22 13:54:41.291 [info] <0.44.0> Application recon started on node nonode@nohost
2021-07-22 13:54:41.299 [info] <0.44.0> Application credentials_obfuscation started on node nonode@nohost
2021-07-22 13:54:41.299 [info] <0.44.0> Application rabbit_common started on node nonode@nohost
2021-07-22 13:54:41.304 [info] <0.44.0> Application amqp_client started on node nonode@nohost
2021-07-22 13:54:41.305 [info] <0.44.0> Application amqp started on node nonode@nohost
2021-07-22 13:54:41.306 [error] <0.289.0>@Elixir.Connection:open Supervisor 'Elixir.ChatExampleElixir.Sup' had child 'Elixir.ChatExampleElixir.Writer' started with 'Elixir.ChatExampleElixir.Writer':start_link([]) at undefined exit with reason call to undefined function 'Elixir.Connection':open([{host,<<>>},{port,5672},{heartbeat,60},{name,<<"lajos">>},{username,<<"testuser">>},{password,<<"...">>}]) in context start_error
2021-07-22 13:54:52.253 [info] <0.44.0> Application lager started on node nonode@nohost
2021-07-22 13:54:52.254 [info] <0.44.0> Application xmerl started on node nonode@nohost
2021-07-22 13:54:52.257 [info] <0.44.0> Application sasl started on node nonode@nohost
2021-07-22 13:54:52.257 [info] <0.44.0> Application tools started on node nonode@nohost
2021-07-22 13:54:52.257 [info] <0.44.0> Application jsx started on node nonode@nohost
2021-07-22 13:54:52.257 [info] <0.44.0> Application recon started on node nonode@nohost
2021-07-22 13:54:52.265 [info] <0.44.0> Application credentials_obfuscation started on node nonode@nohost
2021-07-22 13:54:52.265 [info] <0.44.0> Application rabbit_common started on node nonode@nohost
2021-07-22 13:54:52.270 [info] <0.44.0> Application amqp_client started on node nonode@nohost
2021-07-22 13:54:52.270 [info] <0.44.0> Application amqp started on node nonode@nohost
2021-07-22 13:54:52.278 [error] <0.282.0>@Elixir.ChatExampleElixir.Writer:init:12 Supervisor 'Elixir.ChatExampleElixir.Sup' had child 'Elixir.ChatExampleElixir.Writer' started with 'Elixir.ChatExampleElixir.Writer':start_link([]) at undefined exit with reason no match of right hand value {error,unknown_host} in 'Elixir.ChatExampleElixir.Writer':init/1 line 12 in context start_error
2021-07-22 13:55:05.659 [info] <0.44.0> Application lager started on node nonode@nohost
2021-07-22 13:55:05.660 [info] <0.44.0> Application xmerl started on node nonode@nohost
2021-07-22 13:55:05.663 [info] <0.44.0> Application sasl started on node nonode@nohost
2021-07-22 13:55:05.663 [info] <0.44.0> Application tools started on node nonode@nohost
2021-07-22 13:55:05.664 [info] <0.44.0> Application jsx started on node nonode@nohost
2021-07-22 13:55:05.664 [info] <0.44.0> Application recon started on node nonode@nohost
2021-07-22 13:55:05.671 [info] <0.44.0> Application credentials_obfuscation started on node nonode@nohost
2021-07-22 13:55:05.671 [info] <0.44.0> Application rabbit_common started on node nonode@nohost
2021-07-22 13:55:05.676 [info] <0.44.0> Application amqp_client started on node nonode@nohost
2021-07-22 13:55:05.677 [info] <0.44.0> Application amqp started on node nonode@nohost
2021-07-22 13:55:05.844 [info] <0.44.0> Application chat_example_elixir started on node nonode@nohost
2021-07-22 13:56:46.791 [info] <0.44.0> Application lager started on node nonode@nohost
2021-07-22 13:56:46.792 [info] <0.44.0> Application xmerl started on node nonode@nohost
2021-07-22 13:56:46.795 [info] <0.44.0> Application sasl started on node nonode@nohost
2021-07-22 13:56:46.795 [info] <0.44.0> Application tools started on node nonode@nohost
2021-07-22 13:56:46.795 [info] <0.44.0> Application jsx started on node nonode@nohost
2021-07-22 13:56:46.795 [info] <0.44.0> Application recon started on node nonode@nohost
2021-07-22 13:56:46.803 [info] <0.44.0> Application credentials_obfuscation started on node nonode@nohost
2021-07-22 13:56:46.803 [info] <0.44.0> Application rabbit_common started on node nonode@nohost
2021-07-22 13:56:46.808 [info] <0.44.0> Application amqp_client started on node nonode@nohost
2021-07-22 13:56:46.808 [info] <0.44.0> Application amqp started on node nonode@nohost
2021-07-22 13:56:47.005 [info] <0.44.0> Application chat_example_elixir started on node nonode@nohost
2021-07-22 14:04:12.916 [info] <0.44.0> Application lager started on node nonode@nohost
2021-07-22 14:04:12.919 [info] <0.44.0> Application xmerl started on node nonode@nohost
2021-07-22 14:04:12.923 [info] <0.44.0> Application sasl started on node nonode@nohost
2021-07-22 14:04:12.923 [info] <0.44.0> Application tools started on node nonode@nohost
2021-07-22 14:04:12.923 [info] <0.44.0> Application jsx started on node nonode@nohost
2021-07-22 14:04:12.923 [info] <0.44.0> Application recon started on node nonode@nohost
2021-07-22 14:04:12.937 [info] <0.44.0> Application credentials_obfuscation started on node nonode@nohost
2021-07-22 14:04:12.937 [info] <0.44.0> Application rabbit_common started on node nonode@nohost
2021-07-22 14:04:12.944 [info] <0.44.0> Application amqp_client started on node nonode@nohost
2021-07-22 14:04:12.945 [info] <0.44.0> Application amqp started on node nonode@nohost
2021-07-22 14:04:12.998 [info] <0.44.0> Application chat_example_elixir started on node nonode@nohost
2021-07-22 14:06:54.415 [info] <0.44.0> Application lager started on node nonode@nohost
2021-07-22 14:06:54.417 [info] <0.44.0> Application xmerl started on node nonode@nohost
2021-07-22 14:06:54.421 [info] <0.44.0> Application sasl started on node nonode@nohost
2021-07-22 14:06:54.421 [info] <0.44.0> Application tools started on node nonode@nohost
2021-07-22 14:06:54.421 [info] <0.44.0> Application jsx started on node nonode@nohost
2021-07-22 14:06:54.421 [info] <0.44.0> Application recon started on node nonode@nohost
2021-07-22 14:06:54.435 [info] <0.44.0> Application credentials_obfuscation started on node nonode@nohost
2021-07-22 14:06:54.435 [info] <0.44.0> Application rabbit_common started on node nonode@nohost
2021-07-22 14:06:54.442 [info] <0.44.0> Application amqp_client started on node nonode@nohost
2021-07-22 14:06:54.443 [info] <0.44.0> Application amqp started on node nonode@nohost
2021-07-22 14:06:54.497 [info] <0.44.0> Application chat_example_elixir started on node nonode@nohost
2021-07-22 14:07:27.146 [error] <0.282.0>@gen_server:call gen_server 'Elixir.ChatExampleElixir.Writer' terminated with reason: no such process or port in call to gen_server:call(<0.296.0>, {call,{'basic.publish',0,<<"common-room">>,<<>>,false,false},{amqp_msg,{'P_basic',undefined,undefined,...},...},...}, 60000) in gen_server:call/3 line 246
2021-07-22 14:07:27.157 [error] <0.282.0>@gen_server:call CRASH REPORT Process 'Elixir.ChatExampleElixir.Writer' with 0 neighbours exited with reason: no such process or port in call to gen_server:call(<0.296.0>, {call,{'basic.publish',0,<<"common-room">>,<<>>,false,false},{amqp_msg,{'P_basic',undefined,undefined,...},...},...}, 60000) in gen_server:call/3 line 246
2021-07-22 14:07:27.157 [error] <0.281.0>@gen_server:call Supervisor 'Elixir.ChatExampleElixir.Sup' had child 'Elixir.ChatExampleElixir.Writer' started with 'Elixir.ChatExampleElixir.Writer':start_link([]) at <0.282.0> exit with reason no such process or port in call to gen_server:call(<0.296.0>, {call,{'basic.publish',0,<<"common-room">>,<<>>,false,false},{amqp_msg,{'P_basic',undefined,undefined,...},...},...}, 60000) in context child_terminated
2021-07-22 14:08:44.380 [info] <0.44.0> Application lager started on node nonode@nohost
2021-07-22 14:08:44.382 [info] <0.44.0> Application xmerl started on node nonode@nohost
2021-07-22 14:08:44.386 [info] <0.44.0> Application sasl started on node nonode@nohost
2021-07-22 14:08:44.386 [info] <0.44.0> Application tools started on node nonode@nohost
2021-07-22 14:08:44.386 [info] <0.44.0> Application jsx started on node nonode@nohost
2021-07-22 14:08:44.386 [info] <0.44.0> Application recon started on node nonode@nohost
2021-07-22 14:08:44.399 [info] <0.44.0> Application credentials_obfuscation started on node nonode@nohost
2021-07-22 14:08:44.399 [info] <0.44.0> Application rabbit_common started on node nonode@nohost
2021-07-22 14:08:44.407 [info] <0.44.0> Application amqp_client started on node nonode@nohost
2021-07-22 14:08:44.408 [info] <0.44.0> Application amqp started on node nonode@nohost
2021-07-22 14:08:44.464 [info] <0.44.0> Application chat_example_elixir started on node nonode@nohost
2021-07-22 14:08:48.224 [error] <0.282.0>@gen_server:call gen_server 'Elixir.ChatExampleElixir.Writer' terminated with reason: no such process or port in call to gen_server:call(<0.296.0>, {call,{'basic.publish',0,<<"common-room">>,<<>>,false,false},{amqp_msg,{'P_basic',undefined,undefined,...},...},...}, 60000) in gen_server:call/3 line 246
2021-07-22 14:08:48.233 [error] <0.282.0>@gen_server:call CRASH REPORT Process 'Elixir.ChatExampleElixir.Writer' with 0 neighbours exited with reason: no such process or port in call to gen_server:call(<0.296.0>, {call,{'basic.publish',0,<<"common-room">>,<<>>,false,false},{amqp_msg,{'P_basic',undefined,undefined,...},...},...}, 60000) in gen_server:call/3 line 246
2021-07-22 14:08:48.233 [error] <0.281.0>@gen_server:call Supervisor 'Elixir.ChatExampleElixir.Sup' had child 'Elixir.ChatExampleElixir.Writer' started with 'Elixir.ChatExampleElixir.Writer':start_link([]) at <0.282.0> exit with reason no such process or port in call to gen_server:call(<0.296.0>, {call,{'basic.publish',0,<<"common-room">>,<<>>,false,false},{amqp_msg,{'P_basic',undefined,undefined,...},...},...}, 60000) in context child_terminated
2021-07-22 14:10:49.518 [info] <0.44.0> Application lager started on node nonode@nohost
2021-07-22 14:10:49.520 [info] <0.44.0> Application xmerl started on node nonode@nohost
2021-07-22 14:10:49.524 [info] <0.44.0> Application sasl started on node nonode@nohost
2021-07-22 14:10:49.524 [info] <0.44.0> Application tools started on node nonode@nohost
2021-07-22 14:10:49.524 [info] <0.44.0> Application jsx started on node nonode@nohost
2021-07-22 14:10:49.524 [info] <0.44.0> Application recon started on node nonode@nohost
2021-07-22 14:10:49.535 [info] <0.44.0> Application credentials_obfuscation started on node nonode@nohost
2021-07-22 14:10:49.535 [info] <0.44.0> Application rabbit_common started on node nonode@nohost
2021-07-22 14:10:49.541 [info] <0.44.0> Application amqp_client started on node nonode@nohost
2021-07-22 14:10:49.542 [info] <0.44.0> Application amqp started on node nonode@nohost
2021-07-22 14:10:49.584 [info] <0.44.0> Application chat_example_elixir started on node nonode@nohost
2021-07-22 14:10:53.717 [error] <0.313.0>@gen_server:call gen_server 'Elixir.ChatExampleElixir.Writer' terminated with reason: no such process or port in call to gen_server:call(<0.327.0>, {call,{'basic.publish',0,<<"common-room">>,<<>>,false,false},{amqp_msg,{'P_basic',undefined,undefined,...},...},...}, 60000) in gen_server:call/3 line 246
2021-07-22 14:10:53.719 [error] <0.313.0>@gen_server:call CRASH REPORT Process 'Elixir.ChatExampleElixir.Writer' with 0 neighbours exited with reason: no such process or port in call to gen_server:call(<0.327.0>, {call,{'basic.publish',0,<<"common-room">>,<<>>,false,false},{amqp_msg,{'P_basic',undefined,undefined,...},...},...}, 60000) in gen_server:call/3 line 246
2021-07-22 14:10:53.720 [error] <0.312.0>@gen_server:call Supervisor 'Elixir.ChatExampleElixir.Sup' had child 'Elixir.ChatExampleElixir.Writer' started with 'Elixir.ChatExampleElixir.Writer':start_link([]) at <0.313.0> exit with reason no such process or port in call to gen_server:call(<0.327.0>, {call,{'basic.publish',0,<<"common-room">>,<<>>,false,false},{amqp_msg,{'P_basic',undefined,undefined,...},...},...}, 60000) in context child_terminated
2021-07-22 14:12:29.638 [info] <0.44.0> Application lager started on node nonode@nohost
2021-07-22 14:12:29.640 [info] <0.44.0> Application xmerl started on node nonode@nohost
2021-07-22 14:12:29.645 [info] <0.44.0> Application sasl started on node nonode@nohost
2021-07-22 14:12:29.645 [info] <0.44.0> Application tools started on node nonode@nohost
2021-07-22 14:12:29.645 [info] <0.44.0> Application jsx started on node nonode@nohost
2021-07-22 14:12:29.645 [info] <0.44.0> Application recon started on node nonode@nohost
2021-07-22 14:12:29.657 [info] <0.44.0> Application credentials_obfuscation started on node nonode@nohost
2021-07-22 14:12:29.657 [info] <0.44.0> Application rabbit_common started on node nonode@nohost
2021-07-22 14:12:29.665 [info] <0.44.0> Application amqp_client started on node nonode@nohost
2021-07-22 14:12:29.666 [info] <0.44.0> Application amqp started on node nonode@nohost
2021-07-22 14:12:29.712 [error] <0.281.0>@Elixir.ChatExampleElixir.Writer:init:17 Supervisor 'Elixir.ChatExampleElixir.Sup' had child 'Elixir.ChatExampleElixir.Writer' started with 'Elixir.ChatExampleElixir.Writer':start_link([]) at undefined exit with reason bad argument in call to erlang:monitor(process, #{'__struct__' => 'Elixir.AMQP.Channel',conn => #{'__struct__' => 'Elixir.AMQP.Connection',pid => <0.285.0>},...}) in 'Elixir.ChatExampleElixir.Writer':init/1 line 17 in context start_error
2021-07-22 14:12:54.124 [info] <0.44.0> Application lager started on node nonode@nohost
2021-07-22 14:12:54.126 [info] <0.44.0> Application xmerl started on node nonode@nohost
2021-07-22 14:12:54.129 [info] <0.44.0> Application sasl started on node nonode@nohost
2021-07-22 14:12:54.129 [info] <0.44.0> Application tools started on node nonode@nohost
2021-07-22 14:12:54.129 [info] <0.44.0> Application jsx started on node nonode@nohost
2021-07-22 14:12:54.129 [info] <0.44.0> Application recon started on node nonode@nohost
2021-07-22 14:12:54.137 [info] <0.44.0> Application credentials_obfuscation started on node nonode@nohost
2021-07-22 14:12:54.137 [info] <0.44.0> Application rabbit_common started on node nonode@nohost
2021-07-22 14:12:54.142 [info] <0.44.0> Application amqp_client started on node nonode@nohost
2021-07-22 14:12:54.142 [info] <0.44.0> Application amqp started on node nonode@nohost
2021-07-22 14:12:54.180 [error] <0.281.0>@Elixir.ChatExampleElixir.Writer:init:17 Supervisor 'Elixir.ChatExampleElixir.Sup' had child 'Elixir.ChatExampleElixir.Writer' started with 'Elixir.ChatExampleElixir.Writer':start_link([]) at undefined exit with reason no match of right hand value #Ref<0.155183419.3291742210.238452> in 'Elixir.ChatExampleElixir.Writer':init/1 line 17 in context start_error
2021-07-22 14:13:04.220 [info] <0.44.0> Application lager started on node nonode@nohost
2021-07-22 14:13:04.221 [info] <0.44.0> Application xmerl started on node nonode@nohost
2021-07-22 14:13:04.224 [info] <0.44.0> Application sasl started on node nonode@nohost
2021-07-22 14:13:04.224 [info] <0.44.0> Application tools started on node nonode@nohost
2021-07-22 14:13:04.224 [info] <0.44.0> Application jsx started on node nonode@nohost
2021-07-22 14:13:04.224 [info] <0.44.0> Application recon started on node nonode@nohost
2021-07-22 14:13:04.232 [info] <0.44.0> Application credentials_obfuscation started on node nonode@nohost
2021-07-22 14:13:04.232 [info] <0.44.0> Application rabbit_common started on node nonode@nohost
2021-07-22 14:13:04.237 [info] <0.44.0> Application amqp_client started on node nonode@nohost
2021-07-22 14:13:04.237 [info] <0.44.0> Application amqp started on node nonode@nohost
2021-07-22 14:13:04.275 [info] <0.44.0> Application chat_example_elixir started on node nonode@nohost
2021-07-22 14:13:05.439 [error] <0.282.0> gen_server 'Elixir.ChatExampleElixir.Writer' terminated with reason: #{'__exception__' => true,'__struct__' => 'Elixir.Protocol.UndefinedError',description => <<>>,protocol => 'Elixir.String.Chars',value => {'DOWN',#Ref<0.4182278590.1681391618.106330>,process,<0.296.0>,{shutdown,{server_initiated_close,404,<<"NOT_FOUND - no exchange 'common-room' in vhost '/'">>}}}} in 'Elixir.String.Chars':'impl_for!'/1 line 3
2021-07-22 14:13:05.446 [error] <0.282.0> CRASH REPORT Process 'Elixir.ChatExampleElixir.Writer' with 0 neighbours crashed with reason: #{'__exception__' => true,'__struct__' => 'Elixir.Protocol.UndefinedError',description => <<>>,protocol => 'Elixir.String.Chars',value => {'DOWN',#Ref<0.4182278590.1681391618.106330>,process,<0.296.0>,{shutdown,{server_initiated_close,404,<<"NOT_FOUND - no exchange 'common-room' in vhost '/'">>}}}} in 'Elixir.String.Chars':'impl_for!'/1 line 3
2021-07-22 14:13:05.447 [error] <0.281.0> Supervisor 'Elixir.ChatExampleElixir.Sup' had child 'Elixir.ChatExampleElixir.Writer' started with 'Elixir.ChatExampleElixir.Writer':start_link([]) at <0.282.0> exit with reason #{'__exception__' => true,'__struct__' => 'Elixir.Protocol.UndefinedError',description => <<>>,protocol => 'Elixir.String.Chars',value => {'DOWN',#Ref<0.4182278590.1681391618.106330>,process,<0.296.0>,{shutdown,{server_initiated_close,404,<<"NOT_FOUND - no exchange 'common-room' in vhost '/'">>}}}} in 'Elixir.String.Chars':'impl_for!'/1 line 3 in context child_terminated
2021-07-22 14:14:01.500 [info] <0.44.0> Application lager started on node nonode@nohost
2021-07-22 14:14:01.502 [info] <0.44.0> Application xmerl started on node nonode@nohost
2021-07-22 14:14:01.504 [info] <0.44.0> Application sasl started on node nonode@nohost
2021-07-22 14:14:01.504 [info] <0.44.0> Application tools started on node nonode@nohost
2021-07-22 14:14:01.504 [info] <0.44.0> Application jsx started on node nonode@nohost
2021-07-22 14:14:01.504 [info] <0.44.0> Application recon started on node nonode@nohost
2021-07-22 14:14:01.512 [info] <0.44.0> Application credentials_obfuscation started on node nonode@nohost
2021-07-22 14:14:01.512 [info] <0.44.0> Application rabbit_common started on node nonode@nohost
2021-07-22 14:14:01.517 [info] <0.44.0> Application amqp_client started on node nonode@nohost
2021-07-22 14:14:01.517 [info] <0.44.0> Application amqp started on node nonode@nohost
2021-07-22 14:14:01.554 [info] <0.44.0> Application chat_example_elixir started on node nonode@nohost
2021-07-22 14:15:08.048 [error] <0.282.0>@gen_server:call gen_server 'Elixir.ChatExampleElixir.Writer' terminated with reason: no such process or port in call to gen_server:call(<0.296.0>, {call,{'basic.publish',0,<<"common-room">>,<<>>,false,false},{amqp_msg,{'P_basic',undefined,undefined,...},...},...}, 60000) in gen_server:call/3 line 246
2021-07-22 14:15:08.056 [error] <0.282.0>@gen_server:call CRASH REPORT Process 'Elixir.ChatExampleElixir.Writer' with 0 neighbours exited with reason: no such process or port in call to gen_server:call(<0.296.0>, {call,{'basic.publish',0,<<"common-room">>,<<>>,false,false},{amqp_msg,{'P_basic',undefined,undefined,...},...},...}, 60000) in gen_server:call/3 line 246
2021-07-22 14:15:08.056 [error] <0.281.0>@gen_server:call Supervisor 'Elixir.ChatExampleElixir.Sup' had child 'Elixir.ChatExampleElixir.Writer' started with 'Elixir.ChatExampleElixir.Writer':start_link([]) at <0.282.0> exit with reason no such process or port in call to gen_server:call(<0.296.0>, {call,{'basic.publish',0,<<"common-room">>,<<>>,false,false},{amqp_msg,{'P_basic',undefined,undefined,...},...},...}, 60000) in context child_terminated
2021-07-22 14:15:10.235 [info] <0.44.0> Application lager started on node nonode@nohost
2021-07-22 14:15:10.237 [info] <0.44.0> Application xmerl started on node nonode@nohost
2021-07-22 14:15:10.240 [info] <0.44.0> Application sasl started on node nonode@nohost
2021-07-22 14:15:10.240 [info] <0.44.0> Application tools started on node nonode@nohost
2021-07-22 14:15:10.240 [info] <0.44.0> Application jsx started on node nonode@nohost
2021-07-22 14:15:10.241 [info] <0.44.0> Application recon started on node nonode@nohost
2021-07-22 14:15:10.252 [info] <0.44.0> Application credentials_obfuscation started on node nonode@nohost
2021-07-22 14:15:10.252 [info] <0.44.0> Application rabbit_common started on node nonode@nohost
2021-07-22 14:15:10.258 [info] <0.44.0> Application amqp_client started on node nonode@nohost
2021-07-22 14:15:10.259 [info] <0.44.0> Application amqp started on node nonode@nohost
2021-07-22 14:15:10.307 [info] <0.44.0> Application chat_example_elixir started on node nonode@nohost
2021-07-22 14:18:55.790 [info] <0.44.0> Application lager started on node nonode@nohost
2021-07-22 14:18:55.792 [info] <0.44.0> Application xmerl started on node nonode@nohost
2021-07-22 14:18:55.795 [info] <0.44.0> Application sasl started on node nonode@nohost
2021-07-22 14:18:55.795 [info] <0.44.0> Application tools started on node nonode@nohost
2021-07-22 14:18:55.795 [info] <0.44.0> Application jsx started on node nonode@nohost
2021-07-22 14:18:55.795 [info] <0.44.0> Application recon started on node nonode@nohost
2021-07-22 14:18:55.806 [info] <0.44.0> Application credentials_obfuscation started on node nonode@nohost
2021-07-22 14:18:55.806 [info] <0.44.0> Application rabbit_common started on node nonode@nohost
2021-07-22 14:18:55.812 [info] <0.44.0> Application amqp_client started on node nonode@nohost
2021-07-22 14:18:55.813 [info] <0.44.0> Application amqp started on node nonode@nohost
2021-07-22 14:18:55.865 [info] <0.44.0> Application chat_example_elixir started on node nonode@nohost
2021-07-22 14:19:36.547 [info] <0.44.0> Application lager started on node nonode@nohost
2021-07-22 14:19:36.549 [info] <0.44.0> Application xmerl started on node nonode@nohost
2021-07-22 14:19:36.552 [info] <0.44.0> Application sasl started on node nonode@nohost
2021-07-22 14:19:36.552 [info] <0.44.0> Application tools started on node nonode@nohost
2021-07-22 14:19:36.552 [info] <0.44.0> Application jsx started on node nonode@nohost
2021-07-22 14:19:36.552 [info] <0.44.0> Application recon started on node nonode@nohost
2021-07-22 14:19:36.563 [info] <0.44.0> Application credentials_obfuscation started on node nonode@nohost
2021-07-22 14:19:36.563 [info] <0.44.0> Application rabbit_common started on node nonode@nohost
2021-07-22 14:19:36.569 [info] <0.44.0> Application amqp_client started on node nonode@nohost
2021-07-22 14:19:36.570 [info] <0.44.0> Application amqp started on node nonode@nohost
2021-07-22 14:19:36.617 [info] <0.44.0> Application chat_example_elixir started on node nonode@nohost
2021-07-22 14:25:53.425 [info] <0.44.0> Application lager started on node nonode@nohost
2021-07-22 14:25:53.427 [info] <0.44.0> Application xmerl started on node nonode@nohost
2021-07-22 14:25:53.431 [info] <0.44.0> Application sasl started on node nonode@nohost
2021-07-22 14:25:53.431 [info] <0.44.0> Application tools started on node nonode@nohost
2021-07-22 14:25:53.431 [info] <0.44.0> Application jsx started on node nonode@nohost
2021-07-22 14:25:53.431 [info] <0.44.0> Application recon started on node nonode@nohost
2021-07-22 14:25:53.445 [info] <0.44.0> Application credentials_obfuscation started on node nonode@nohost
2021-07-22 14:25:53.445 [info] <0.44.0> Application rabbit_common started on node nonode@nohost
2021-07-22 14:25:53.452 [info] <0.44.0> Application amqp_client started on node nonode@nohost
2021-07-22 14:25:53.453 [info] <0.44.0> Application amqp started on node nonode@nohost
2021-07-22 14:25:53.556 [info] <0.44.0> Application chat_example_elixir started on node nonode@nohost
2021-07-22 14:27:10.668 [info] <0.44.0> Application lager started on node nonode@nohost
2021-07-22 14:27:10.670 [info] <0.44.0> Application xmerl started on node nonode@nohost
2021-07-22 14:27:10.673 [info] <0.44.0> Application sasl started on node nonode@nohost
2021-07-22 14:27:10.673 [info] <0.44.0> Application tools started on node nonode@nohost
2021-07-22 14:27:10.673 [info] <0.44.0> Application jsx started on node nonode@nohost
2021-07-22 14:27:10.673 [info] <0.44.0> Application recon started on node nonode@nohost
2021-07-22 14:27:10.684 [info] <0.44.0> Application credentials_obfuscation started on node nonode@nohost
2021-07-22 14:27:10.684 [info] <0.44.0> Application rabbit_common started on node nonode@nohost
2021-07-22 14:27:10.690 [info] <0.44.0> Application amqp_client started on node nonode@nohost
2021-07-22 14:27:10.691 [info] <0.44.0> Application amqp started on node nonode@nohost
2021-07-22 14:27:10.757 [info] <0.44.0> Application chat_example_elixir started on node nonode@nohost
2021-07-22 14:27:43.918 [info] <0.44.0> Application lager started on node nonode@nohost
2021-07-22 14:27:43.920 [info] <0.44.0> Application xmerl started on node nonode@nohost
2021-07-22 14:27:43.923 [info] <0.44.0> Application sasl started on node nonode@nohost
2021-07-22 14:27:43.923 [info] <0.44.0> Application tools started on node nonode@nohost
2021-07-22 14:27:43.923 [info] <0.44.0> Application jsx started on node nonode@nohost
2021-07-22 14:27:43.923 [info] <0.44.0> Application recon started on node nonode@nohost
2021-07-22 14:27:43.933 [info] <0.44.0> Application credentials_obfuscation started on node nonode@nohost
2021-07-22 14:27:43.933 [info] <0.44.0> Application rabbit_common started on node nonode@nohost
2021-07-22 14:27:43.939 [info] <0.44.0> Application amqp_client started on node nonode@nohost
2021-07-22 14:27:43.939 [info] <0.44.0> Application amqp started on node nonode@nohost
2021-07-22 14:27:43.998 [info] <0.44.0> Application chat_example_elixir started on node nonode@nohost
2021-07-22 14:28:24.314 [info] <0.44.0> Application lager started on node nonode@nohost
2021-07-22 14:28:24.315 [info] <0.44.0> Application xmerl started on node nonode@nohost
2021-07-22 14:28:24.318 [info] <0.44.0> Application sasl started on node nonode@nohost
2021-07-22 14:28:24.318 [info] <0.44.0> Application tools started on node nonode@nohost
2021-07-22 14:28:24.318 [info] <0.44.0> Application jsx started on node nonode@nohost
2021-07-22 14:28:24.318 [info] <0.44.0> Application recon started on node nonode@nohost
2021-07-22 14:28:24.326 [info] <0.44.0> Application credentials_obfuscation started on node nonode@nohost
2021-07-22 14:28:24.326 [info] <0.44.0> Application rabbit_common started on node nonode@nohost
2021-07-22 14:28:24.332 [info] <0.44.0> Application amqp_client started on node nonode@nohost
2021-07-22 14:28:24.332 [info] <0.44.0> Application amqp started on node nonode@nohost
2021-07-22 14:28:24.388 [info] <0.44.0> Application chat_example_elixir started on node nonode@nohost
2021-07-22 14:28:24.388 [error] <0.298.0> gen_server 'Elixir.ChatExampleElixir.Reader' terminated with reason: bad return value: ok
2021-07-22 14:28:24.395 [error] <0.298.0>@gen_server:handle_common_reply:800 CRASH REPORT Process 'Elixir.ChatExampleElixir.Reader' with 0 neighbours exited with reason: bad return value: ok in gen_server:handle_common_reply/8 line 800
2021-07-22 14:28:24.395 [error] <0.281.0> Supervisor 'Elixir.ChatExampleElixir.Sup' had child 'Elixir.ChatExampleElixir.Reader' started with 'Elixir.ChatExampleElixir.Reader':start_link([]) at <0.298.0> exit with reason bad return value: ok in context child_terminated
2021-07-22 14:28:24.412 [error] <0.313.0> gen_server 'Elixir.ChatExampleElixir.Reader' terminated with reason: bad return value: ok
2021-07-22 14:28:24.412 [error] <0.313.0>@gen_server:handle_common_reply:800 CRASH REPORT Process 'Elixir.ChatExampleElixir.Reader' with 0 neighbours exited with reason: bad return value: ok in gen_server:handle_common_reply/8 line 800
2021-07-22 14:28:24.412 [error] <0.281.0> Supervisor 'Elixir.ChatExampleElixir.Sup' had child 'Elixir.ChatExampleElixir.Reader' started with 'Elixir.ChatExampleElixir.Reader':start_link([]) at <0.313.0> exit with reason bad return value: ok in context child_terminated
2021-07-22 14:28:24.429 [error] <0.328.0> gen_server 'Elixir.ChatExampleElixir.Reader' terminated with reason: bad return value: ok
2021-07-22 14:28:24.429 [error] <0.328.0>@gen_server:handle_common_reply:800 CRASH REPORT Process 'Elixir.ChatExampleElixir.Reader' with 0 neighbours exited with reason: bad return value: ok in gen_server:handle_common_reply/8 line 800
2021-07-22 14:28:24.429 [error] <0.281.0> Supervisor 'Elixir.ChatExampleElixir.Sup' had child 'Elixir.ChatExampleElixir.Reader' started with 'Elixir.ChatExampleElixir.Reader':start_link([]) at <0.328.0> exit with reason bad return value: ok in context child_terminated
2021-07-22 14:28:24.447 [error] <0.342.0> gen_server 'Elixir.ChatExampleElixir.Reader' terminated with reason: bad return value: ok
2021-07-22 14:28:24.447 [error] <0.342.0>@gen_server:handle_common_reply:800 CRASH REPORT Process 'Elixir.ChatExampleElixir.Reader' with 0 neighbours exited with reason: bad return value: ok in gen_server:handle_common_reply/8 line 800
2021-07-22 14:28:24.447 [error] <0.281.0> Supervisor 'Elixir.ChatExampleElixir.Sup' had child 'Elixir.ChatExampleElixir.Reader' started with 'Elixir.ChatExampleElixir.Reader':start_link([]) at <0.342.0> exit with reason bad return value: ok in context child_terminated
2021-07-22 14:28:24.447 [error] <0.281.0> Supervisor 'Elixir.ChatExampleElixir.Sup' had child 'Elixir.ChatExampleElixir.Reader' started with 'Elixir.ChatExampleElixir.Reader':start_link([]) at <0.342.0> exit with reason reached_max_restart_intensity in context shutdown
2021-07-22 14:28:24.447 [info] <0.44.0> Application chat_example_elixir exited with reason: shutdown
2021-07-22 14:28:34.995 [info] <0.44.0> Application lager started on node nonode@nohost
2021-07-22 14:28:34.997 [info] <0.44.0> Application xmerl started on node nonode@nohost
2021-07-22 14:28:35.000 [info] <0.44.0> Application sasl started on node nonode@nohost
2021-07-22 14:28:35.000 [info] <0.44.0> Application tools started on node nonode@nohost
2021-07-22 14:28:35.000 [info] <0.44.0> Application jsx started on node nonode@nohost
2021-07-22 14:28:35.000 [info] <0.44.0> Application recon started on node nonode@nohost
2021-07-22 14:28:35.008 [info] <0.44.0> Application credentials_obfuscation started on node nonode@nohost
2021-07-22 14:28:35.008 [info] <0.44.0> Application rabbit_common started on node nonode@nohost
2021-07-22 14:28:35.013 [info] <0.44.0> Application amqp_client started on node nonode@nohost
2021-07-22 14:28:35.014 [info] <0.44.0> Application amqp started on node nonode@nohost
2021-07-22 14:28:35.070 [info] <0.44.0> Application chat_example_elixir started on node nonode@nohost
2021-07-22 14:30:56.593 [info] <0.44.0> Application lager started on node nonode@nohost
2021-07-22 14:30:56.596 [info] <0.44.0> Application xmerl started on node nonode@nohost
2021-07-22 14:30:56.600 [info] <0.44.0> Application sasl started on node nonode@nohost
2021-07-22 14:30:56.600 [info] <0.44.0> Application tools started on node nonode@nohost
2021-07-22 14:30:56.600 [info] <0.44.0> Application jsx started on node nonode@nohost
2021-07-22 14:30:56.600 [info] <0.44.0> Application recon started on node nonode@nohost
2021-07-22 14:30:56.612 [info] <0.44.0> Application credentials_obfuscation started on node nonode@nohost
2021-07-22 14:30:56.612 [info] <0.44.0> Application rabbit_common started on node nonode@nohost
2021-07-22 14:30:56.619 [info] <0.44.0> Application amqp_client started on node nonode@nohost
2021-07-22 14:30:56.620 [info] <0.44.0> Application amqp started on node nonode@nohost
2021-07-22 14:30:56.686 [info] <0.44.0> Application chat_example_elixir started on node nonode@nohost
2021-07-22 14:30:56.688 [error] <0.298.0> gen_server 'Elixir.ChatExampleElixir.Reader' terminated with reason: {'module could not be loaded',[{'Elixir.Maps',get,[[{<<"chat-username">>,longstr,<<"lajos">>},{<<"timestamp_in_ms">>,long,1626956934520}],<<"chat-username">>,<<"UNDEFINED">>],[]},{'Elixir.ChatExampleElixir.Reader',handle_info,2,[{file,"lib/chat_example_elixir/Reader.ex"},{line,49}]},{gen_server,try_dispatch,4,[{file,"gen_server.erl"},{line,680}]},{gen_server,handle_msg,6,[{file,"gen_server.erl"},{line,756}]},{proc_lib,init_p_do_apply,3,[{file,"proc_lib.erl"},{line,226}]}]}
2021-07-22 14:30:56.701 [error] <0.298.0>@Elixir.Maps:get CRASH REPORT Process 'Elixir.ChatExampleElixir.Reader' with 0 neighbours crashed with reason: call to undefined function 'Elixir.Maps':get([{<<"chat-username">>,longstr,<<"lajos">>},{<<"timestamp_in_ms">>,long,1626956934520}], <<"chat-username">>, <<"UNDEFINED">>)
2021-07-22 14:30:56.701 [error] <0.281.0>@Elixir.Maps:get Supervisor 'Elixir.ChatExampleElixir.Sup' had child 'Elixir.ChatExampleElixir.Reader' started with 'Elixir.ChatExampleElixir.Reader':start_link([]) at <0.298.0> exit with reason call to undefined function 'Elixir.Maps':get([{<<"chat-username">>,longstr,<<"lajos">>},{<<"timestamp_in_ms">>,long,1626956934520}], <<"chat-username">>, <<"UNDEFINED">>) in context child_terminated
2021-07-22 14:31:11.123 [info] <0.44.0> Application lager started on node nonode@nohost
2021-07-22 14:31:11.125 [info] <0.44.0> Application xmerl started on node nonode@nohost
2021-07-22 14:31:11.128 [info] <0.44.0> Application sasl started on node nonode@nohost
2021-07-22 14:31:11.128 [info] <0.44.0> Application tools started on node nonode@nohost
2021-07-22 14:31:11.128 [info] <0.44.0> Application jsx started on node nonode@nohost
2021-07-22 14:31:11.128 [info] <0.44.0> Application recon started on node nonode@nohost
2021-07-22 14:31:11.137 [info] <0.44.0> Application credentials_obfuscation started on node nonode@nohost
2021-07-22 14:31:11.137 [info] <0.44.0> Application rabbit_common started on node nonode@nohost
2021-07-22 14:31:11.141 [info] <0.44.0> Application amqp_client started on node nonode@nohost
2021-07-22 14:31:11.142 [info] <0.44.0> Application amqp started on node nonode@nohost
2021-07-22 14:31:11.201 [info] <0.44.0> Application chat_example_elixir started on node nonode@nohost
2021-07-22 14:31:11.203 [error] <0.298.0> gen_server 'Elixir.ChatExampleElixir.Reader' terminated with reason: {{badmap,[{<<"chat-username">>,longstr,<<"lajos">>},{<<"timestamp_in_ms">>,long,1626956934520}]},[{'Elixir.Map',get,[[{<<"chat-username">>,longstr,<<"lajos">>},{<<"timestamp_in_ms">>,long,1626956934520}],<<"chat-username">>,<<"UNDEFINED">>],[{file,"lib/map.ex"},{line,469}]},{'Elixir.ChatExampleElixir.Reader',handle_info,2,[{file,"lib/chat_example_elixir/Reader.ex"},{line,49}]},{gen_server,try_dispatch,4,[{file,"gen_server.erl"},{line,680}]},{gen_server,handle_msg,6,[{file,"gen_server.erl"},{...}]},...]}
2021-07-22 14:31:11.215 [error] <0.298.0> CRASH REPORT Process 'Elixir.ChatExampleElixir.Reader' with 0 neighbours crashed with reason: {{badmap,[{<<"chat-username">>,longstr,<<"lajos">>},{<<"timestamp_in_ms">>,long,1626956934520}]},[{'Elixir.Map',get,[[{<<"chat-username">>,longstr,<<"lajos">>},{<<"timestamp_in_ms">>,long,1626956934520}],<<"chat-username">>,<<"UNDEFINED">>],[{file,"lib/map.ex"},{line,469}]},{'Elixir.ChatExampleElixir.Reader',handle_info,2,[{file,"lib/chat_example_elixir/Reader.ex"},{line,49}]},{gen_server,try_dispatch,4,[{file,"gen_server.erl"},{line,680}]},{gen_server,handle_msg,6,[{file,"gen_server.erl"},{...}]},...]}
2021-07-22 14:31:11.216 [error] <0.281.0> Supervisor 'Elixir.ChatExampleElixir.Sup' had child 'Elixir.ChatExampleElixir.Reader' started with 'Elixir.ChatExampleElixir.Reader':start_link([]) at <0.298.0> exit with reason {{badmap,[{<<"chat-username">>,longstr,<<"lajos">>},{<<"timestamp_in_ms">>,long,1626956934520}]},[{'Elixir.Map',get,[[{<<"chat-username">>,longstr,<<"lajos">>},{<<"timestamp_in_ms">>,long,1626956934520}],<<"chat-username">>,<<"UNDEFINED">>],[{file,"lib/map.ex"},{line,469}]},{'Elixir.ChatExampleElixir.Reader',handle_info,2,[{file,"lib/chat_example_elixir/Reader.ex"},{line,49}]},{gen_server,try_dispatch,4,[{file,"gen_server.erl"},{line,680}]},{gen_server,handle_msg,6,[{file,"gen_server.erl"},{...}]},...]} in context child_terminated
2021-07-22 14:32:53.120 [info] <0.44.0> Application lager started on node nonode@nohost
2021-07-22 14:32:53.122 [info] <0.44.0> Application xmerl started on node nonode@nohost
2021-07-22 14:32:53.125 [info] <0.44.0> Application sasl started on node nonode@nohost
2021-07-22 14:32:53.125 [info] <0.44.0> Application tools started on node nonode@nohost
2021-07-22 14:32:53.126 [info] <0.44.0> Application jsx started on node nonode@nohost
2021-07-22 14:32:53.126 [info] <0.44.0> Application recon started on node nonode@nohost
2021-07-22 14:32:53.136 [info] <0.44.0> Application credentials_obfuscation started on node nonode@nohost
2021-07-22 14:32:53.136 [info] <0.44.0> Application rabbit_common started on node nonode@nohost
2021-07-22 14:32:53.143 [info] <0.44.0> Application amqp_client started on node nonode@nohost
2021-07-22 14:32:53.144 [info] <0.44.0> Application amqp started on node nonode@nohost
2021-07-22 14:32:53.205 [info] <0.44.0> Application chat_example_elixir started on node nonode@nohost
2021-07-22 14:32:53.207 [error] <0.312.0>@Elixir.ChatExampleElixir.Rabbit:extract_header:40 gen_server 'Elixir.ChatExampleElixir.Reader' terminated with reason: call to undefined function lists:keyfind/2 from 'Elixir.ChatExampleElixir.Rabbit':extract_header/3 line 40
2021-07-22 14:32:53.218 [error] <0.312.0>@lists:keyfind CRASH REPORT Process 'Elixir.ChatExampleElixir.Reader' with 0 neighbours crashed with reason: call to undefined function lists:keyfind(<<"chat-username">>, <<"1">>)
2021-07-22 14:32:53.218 [error] <0.295.0>@lists:keyfind Supervisor 'Elixir.ChatExampleElixir.Sup' had child 'Elixir.ChatExampleElixir.Reader' started with 'Elixir.ChatExampleElixir.Reader':start_link([]) at <0.312.0> exit with reason call to undefined function lists:keyfind(<<"chat-username">>, <<"1">>) in context child_terminated
2021-07-22 14:33:12.468 [info] <0.44.0> Application lager started on node nonode@nohost
2021-07-22 14:33:12.470 [info] <0.44.0> Application xmerl started on node nonode@nohost
2021-07-22 14:33:12.474 [info] <0.44.0> Application sasl started on node nonode@nohost
2021-07-22 14:33:12.474 [info] <0.44.0> Application tools started on node nonode@nohost
2021-07-22 14:33:12.474 [info] <0.44.0> Application jsx started on node nonode@nohost
2021-07-22 14:33:12.474 [info] <0.44.0> Application recon started on node nonode@nohost
2021-07-22 14:33:12.482 [info] <0.44.0> Application credentials_obfuscation started on node nonode@nohost
2021-07-22 14:33:12.482 [info] <0.44.0> Application rabbit_common started on node nonode@nohost
2021-07-22 14:33:12.488 [info] <0.44.0> Application amqp_client started on node nonode@nohost
2021-07-22 14:33:12.489 [info] <0.44.0> Application amqp started on node nonode@nohost
2021-07-22 14:33:12.549 [info] <0.44.0> Application chat_example_elixir started on node nonode@nohost
2021-07-22 14:33:49.916 [info] <0.44.0> Application lager started on node nonode@nohost
2021-07-22 14:33:49.918 [info] <0.44.0> Application xmerl started on node nonode@nohost
2021-07-22 14:33:49.921 [info] <0.44.0> Application sasl started on node nonode@nohost
2021-07-22 14:33:49.921 [info] <0.44.0> Application tools started on node nonode@nohost
2021-07-22 14:33:49.921 [info] <0.44.0> Application jsx started on node nonode@nohost
2021-07-22 14:33:49.921 [info] <0.44.0> Application recon started on node nonode@nohost
2021-07-22 14:33:49.930 [info] <0.44.0> Application credentials_obfuscation started on node nonode@nohost
2021-07-22 14:33:49.930 [info] <0.44.0> Application rabbit_common started on node nonode@nohost
2021-07-22 14:33:49.936 [info] <0.44.0> Application amqp_client started on node nonode@nohost
2021-07-22 14:33:49.936 [info] <0.44.0> Application amqp started on node nonode@nohost
2021-07-22 14:33:50.004 [info] <0.44.0> Application chat_example_elixir started on node nonode@nohost
2021-07-22 14:34:21.520 [info] <0.44.0> Application lager started on node nonode@nohost
2021-07-22 14:34:21.522 [info] <0.44.0> Application xmerl started on node nonode@nohost
2021-07-22 14:34:21.525 [info] <0.44.0> Application sasl started on node nonode@nohost
2021-07-22 14:34:21.525 [info] <0.44.0> Application tools started on node nonode@nohost
2021-07-22 14:34:21.525 [info] <0.44.0> Application jsx started on node nonode@nohost
2021-07-22 14:34:21.526 [info] <0.44.0> Application recon started on node nonode@nohost
2021-07-22 14:34:21.538 [info] <0.44.0> Application credentials_obfuscation started on node nonode@nohost
2021-07-22 14:34:21.539 [info] <0.44.0> Application rabbit_common started on node nonode@nohost
2021-07-22 14:34:21.545 [info] <0.44.0> Application amqp_client started on node nonode@nohost
2021-07-22 14:34:21.545 [info] <0.44.0> Application amqp started on node nonode@nohost
2021-07-22 14:34:21.610 [info] <0.44.0> Application chat_example_elixir started on node nonode@nohost
2021-07-22 14:34:34.207 [info] <0.44.0> Application lager started on node nonode@nohost
2021-07-22 14:34:34.209 [info] <0.44.0> Application xmerl started on node nonode@nohost
2021-07-22 14:34:34.212 [info] <0.44.0> Application sasl started on node nonode@nohost
2021-07-22 14:34:34.212 [info] <0.44.0> Application tools started on node nonode@nohost
2021-07-22 14:34:34.212 [info] <0.44.0> Application jsx started on node nonode@nohost
2021-07-22 14:34:34.212 [info] <0.44.0> Application recon started on node nonode@nohost
2021-07-22 14:34:34.220 [info] <0.44.0> Application credentials_obfuscation started on node nonode@nohost
2021-07-22 14:34:34.220 [info] <0.44.0> Application rabbit_common started on node nonode@nohost
2021-07-22 14:34:34.225 [info] <0.44.0> Application amqp_client started on node nonode@nohost
2021-07-22 14:34:34.226 [info] <0.44.0> Application amqp started on node nonode@nohost
2021-07-22 14:34:34.288 [info] <0.44.0> Application chat_example_elixir started on node nonode@nohost
2021-07-22 14:34:43.981 [info] <0.44.0> Application lager started on node nonode@nohost
2021-07-22 14:34:43.983 [info] <0.44.0> Application xmerl started on node nonode@nohost
2021-07-22 14:34:43.986 [info] <0.44.0> Application sasl started on node nonode@nohost
2021-07-22 14:34:43.986 [info] <0.44.0> Application tools started on node nonode@nohost
2021-07-22 14:34:43.986 [info] <0.44.0> Application jsx started on node nonode@nohost
2021-07-22 14:34:43.986 [info] <0.44.0> Application recon started on node nonode@nohost
2021-07-22 14:34:43.997 [info] <0.44.0> Application credentials_obfuscation started on node nonode@nohost
2021-07-22 14:34:43.997 [info] <0.44.0> Application rabbit_common started on node nonode@nohost
2021-07-22 14:34:44.001 [info] <0.44.0> Application amqp_client started on node nonode@nohost
2021-07-22 14:34:44.002 [info] <0.44.0> Application amqp started on node nonode@nohost
2021-07-22 14:34:44.060 [info] <0.44.0> Application chat_example_elixir started on node nonode@nohost
2021-07-22 14:35:10.748 [info] <0.44.0> Application lager started on node nonode@nohost
2021-07-22 14:35:10.750 [info] <0.44.0> Application xmerl started on node nonode@nohost
2021-07-22 14:35:10.752 [info] <0.44.0> Application sasl started on node nonode@nohost
2021-07-22 14:35:10.753 [info] <0.44.0> Application tools started on node nonode@nohost
2021-07-22 14:35:10.753 [info] <0.44.0> Application jsx started on node nonode@nohost
2021-07-22 14:35:10.753 [info] <0.44.0> Application recon started on node nonode@nohost
2021-07-22 14:35:10.761 [info] <0.44.0> Application credentials_obfuscation started on node nonode@nohost
2021-07-22 14:35:10.761 [info] <0.44.0> Application rabbit_common started on node nonode@nohost
2021-07-22 14:35:10.767 [info] <0.44.0> Application amqp_client started on node nonode@nohost
2021-07-22 14:35:10.768 [info] <0.44.0> Application amqp started on node nonode@nohost
2021-07-22 14:35:10.823 [info] <0.44.0> Application chat_example_elixir started on node nonode@nohost
2021-07-22 14:41:02.216 [info] <0.44.0> Application lager started on node nonode@nohost
2021-07-22 14:41:02.218 [info] <0.44.0> Application xmerl started on node nonode@nohost
2021-07-22 14:41:02.221 [info] <0.44.0> Application sasl started on node nonode@nohost
2021-07-22 14:41:02.221 [info] <0.44.0> Application tools started on node nonode@nohost
2021-07-22 14:41:02.221 [info] <0.44.0> Application jsx started on node nonode@nohost
2021-07-22 14:41:02.221 [info] <0.44.0> Application recon started on node nonode@nohost
2021-07-22 14:41:02.233 [info] <0.44.0> Application credentials_obfuscation started on node nonode@nohost
2021-07-22 14:41:02.233 [info] <0.44.0> Application rabbit_common started on node nonode@nohost
2021-07-22 14:41:02.239 [info] <0.44.0> Application amqp_client started on node nonode@nohost
2021-07-22 14:41:02.240 [info] <0.44.0> Application amqp started on node nonode@nohost
2021-07-22 14:41:02.296 [error] <0.295.0>@nil:pid Supervisor 'Elixir.ChatExampleElixir.Sup' had child 'Elixir.ChatExampleElixir.Reader' started with 'Elixir.ChatExampleElixir.Reader':start_link([]) at undefined exit with reason call to undefined function nil:pid() in context start_error
2021-07-22 14:41:20.972 [info] <0.44.0> Application lager started on node nonode@nohost
2021-07-22 14:41:20.973 [info] <0.44.0> Application xmerl started on node nonode@nohost
2021-07-22 14:41:20.976 [info] <0.44.0> Application sasl started on node nonode@nohost
2021-07-22 14:41:20.976 [info] <0.44.0> Application tools started on node nonode@nohost
2021-07-22 14:41:20.976 [info] <0.44.0> Application jsx started on node nonode@nohost
2021-07-22 14:41:20.976 [info] <0.44.0> Application recon started on node nonode@nohost
2021-07-22 14:41:20.984 [info] <0.44.0> Application credentials_obfuscation started on node nonode@nohost
2021-07-22 14:41:20.984 [info] <0.44.0> Application rabbit_common started on node nonode@nohost
2021-07-22 14:41:20.988 [info] <0.44.0> Application amqp_client started on node nonode@nohost
2021-07-22 14:41:20.989 [info] <0.44.0> Application amqp started on node nonode@nohost
2021-07-22 14:41:21.031 [info] <0.44.0> Application chat_example_elixir started on node nonode@nohost
2021-07-22 14:41:35.352 [info] <0.44.0> Application lager started on node nonode@nohost
2021-07-22 14:41:35.353 [info] <0.44.0> Application xmerl started on node nonode@nohost
2021-07-22 14:41:35.356 [info] <0.44.0> Application sasl started on node nonode@nohost
2021-07-22 14:41:35.356 [info] <0.44.0> Application tools started on node nonode@nohost
2021-07-22 14:41:35.356 [info] <0.44.0> Application jsx started on node nonode@nohost
2021-07-22 14:41:35.356 [info] <0.44.0> Application recon started on node nonode@nohost
2021-07-22 14:41:35.364 [info] <0.44.0> Application credentials_obfuscation started on node nonode@nohost
2021-07-22 14:41:35.364 [info] <0.44.0> Application rabbit_common started on node nonode@nohost
2021-07-22 14:41:35.369 [info] <0.44.0> Application amqp_client started on node nonode@nohost
2021-07-22 14:41:35.369 [info] <0.44.0> Application amqp started on node nonode@nohost
2021-07-22 14:41:35.409 [info] <0.44.0> Application chat_example_elixir started on node nonode@nohost
